<?xml version="1.0" encoding="UTF-8"?>
<testng-results ignored="0" total="1" passed="1" failed="0" skipped="0">
  <reporter-output>
  </reporter-output>
  <suite started-at="2024-04-09T15:59:29 IST" name="Default suite" finished-at="2024-04-09T16:00:00 IST" duration-ms="30774">
    <groups>
      <group name="cucumber">
        <method signature="AbstractTestNGCucumberTests.runScenario(io.cucumber.testng.PickleWrapper,io.cucumber.testng.FeatureWrapper)[pri:0, instance:runner.MyRunner@7ce026d3]" name="runScenario" class="io.cucumber.testng.AbstractTestNGCucumberTests"/>
      </group> <!-- cucumber -->
    </groups>
    <test started-at="2024-04-09T15:59:29 IST" name="Default test" finished-at="2024-04-09T16:00:00 IST" duration-ms="30774">
      <class name="runner.MyRunner">
        <test-method is-config="true" signature="setUpClass(org.testng.ITestContext)[pri:0, instance:runner.MyRunner@7ce026d3]" started-at="2024-04-09T15:59:29 IST" name="setUpClass" finished-at="2024-04-09T15:59:30 IST" duration-ms="865" status="PASS">
          <params>
            <param index="0">
              <value>
                <![CDATA[org.testng.TestRunner@45e9b12d]]>
              </value>
            </param>
          </params>
          <reporter-output>
          </reporter-output>
        </test-method> <!-- setUpClass -->
        <test-method signature="runScenario(io.cucumber.testng.PickleWrapper,io.cucumber.testng.FeatureWrapper)[pri:0, instance:runner.MyRunner@7ce026d3]" started-at="2024-04-09T15:59:30 IST" name="runScenario" description="Runs Cucumber Scenarios" data-provider="scenarios" finished-at="2024-04-09T16:00:00 IST" duration-ms="29751" status="PASS">
          <params>
            <param index="0">
              <value>
                <![CDATA["User is able to check the functionality"]]>
              </value>
            </param>
            <param index="1">
              <value>
                <![CDATA["To test the functionality of Mandible Reconstruction procedure"]]>
              </value>
            </param>
          </params>
          <reporter-output>
          </reporter-output>
        </test-method> <!-- runScenario -->
        <test-method is-config="true" signature="tearDownClass()[pri:0, instance:runner.MyRunner@7ce026d3]" started-at="2024-04-09T16:00:00 IST" name="tearDownClass" finished-at="2024-04-09T16:00:00 IST" duration-ms="92" status="PASS">
          <reporter-output>
          </reporter-output>
        </test-method> <!-- tearDownClass -->
      </class> <!-- runner.MyRunner -->
    </test> <!-- Default test -->
  </suite> <!-- Default suite -->
</testng-results>
