<?xml version="1.0" encoding="UTF-8"?>
<testng-results ignored="0" total="1" passed="1" failed="0" skipped="0">
  <reporter-output>
  </reporter-output>
  <suite started-at="2024-03-13T19:26:27 IST" name="Default suite" finished-at="2024-03-13T19:26:32 IST" duration-ms="4509">
    <groups>
    </groups>
    <test started-at="2024-03-13T19:26:27 IST" name="Default test" finished-at="2024-03-13T19:26:32 IST" duration-ms="4509">
      <class name="SeleniumAdvanced.WorkingWithDynamicTables">
        <test-method signature="tableExample()[pri:0, instance:SeleniumAdvanced.WorkingWithDynamicTables@188715b5]" started-at="2024-03-13T19:26:27 IST" name="tableExample" finished-at="2024-03-13T19:26:32 IST" duration-ms="4439" status="PASS">
          <reporter-output>
          </reporter-output>
        </test-method> <!-- tableExample -->
      </class> <!-- SeleniumAdvanced.WorkingWithDynamicTables -->
    </test> <!-- Default test -->
  </suite> <!-- Default suite -->
</testng-results>
